2022-08-15 07:50:36 INFO  TestBase:54 - reading the browser value from propprties file
2022-08-15 07:50:36 INFO  TestBase:38 - create object for properties class
2022-08-15 07:50:36 INFO  TestBase:40 - read the properties file
2022-08-15 07:50:36 INFO  TestBase:43 - outside file location
2022-08-15 07:50:36 INFO  TestBase:56 - launching the browserchrome
2022-08-15 07:50:38 DEBUG InternalLoggerFactory:89 - Using Log4J as the default logging framework
2022-08-15 07:50:38 DEBUG ResourceLeakDetector:129 - -Dio.netty.leakDetection.level: simple
2022-08-15 07:50:38 DEBUG ResourceLeakDetector:130 - -Dio.netty.leakDetection.targetRecords: 4
2022-08-15 07:50:38 DEBUG ResourceLeakDetectorFactory:196 - Loaded default ResourceLeakDetector: io.netty.util.ResourceLeakDetector@3b152928
2022-08-15 07:50:38 DEBUG PlatformDependent0:495 - -Dio.netty.noUnsafe: false
2022-08-15 07:50:38 DEBUG PlatformDependent0:998 - Java version: 17
2022-08-15 07:50:38 DEBUG PlatformDependent0:136 - sun.misc.Unsafe.theUnsafe: available
2022-08-15 07:50:38 DEBUG PlatformDependent0:160 - sun.misc.Unsafe.copyMemory: available
2022-08-15 07:50:38 DEBUG PlatformDependent0:192 - sun.misc.Unsafe.storeFence: available
2022-08-15 07:50:38 DEBUG PlatformDependent0:235 - java.nio.Buffer.address: available
2022-08-15 07:50:38 DEBUG PlatformDependent0:319 - direct buffer constructor: unavailable: Reflective setAccessible(true) disabled
2022-08-15 07:50:38 DEBUG PlatformDependent0:384 - java.nio.Bits.unaligned: available, true
2022-08-15 07:50:38 DEBUG PlatformDependent0:451 - jdk.internal.misc.Unsafe.allocateUninitializedArray(int): unavailable: class io.netty.util.internal.PlatformDependent0$7 cannot access class jdk.internal.misc.Unsafe (in module java.base) because module java.base does not export jdk.internal.misc to unnamed module @5025a98f
2022-08-15 07:50:38 DEBUG PlatformDependent0:481 - java.nio.DirectByteBuffer.<init>(long, int): unavailable
2022-08-15 07:50:38 DEBUG PlatformDependent:1120 - sun.misc.Unsafe: available
2022-08-15 07:50:39 DEBUG PlatformDependent:1231 - maxDirectMemory: 1973420032 bytes (maybe)
2022-08-15 07:50:39 DEBUG PlatformDependent:1250 - -Dio.netty.tmpdir: C:\Users\VENKAT~1\AppData\Local\Temp (java.io.tmpdir)
2022-08-15 07:50:39 DEBUG PlatformDependent:1329 - -Dio.netty.bitMode: 64 (sun.arch.data.model)
2022-08-15 07:50:39 DEBUG PlatformDependent:1080 - Platform: Windows
2022-08-15 07:50:39 DEBUG PlatformDependent:178 - -Dio.netty.maxDirectMemory: -1 bytes
2022-08-15 07:50:39 DEBUG PlatformDependent:185 - -Dio.netty.uninitializedArrayAllocationThreshold: -1
2022-08-15 07:50:39 DEBUG CleanerJava9:71 - java.nio.ByteBuffer.cleaner(): available
2022-08-15 07:50:39 DEBUG PlatformDependent:205 - -Dio.netty.noPreferDirect: false
2022-08-15 07:50:39 DEBUG PlatformDependent:971 - org.jctools-core.MpscChunkedArrayQueue: available
2022-08-15 07:50:39 DEBUG InternalThreadLocalMap:86 - -Dio.netty.threadLocalMap.stringBuilder.initialSize: 1024
2022-08-15 07:50:39 DEBUG InternalThreadLocalMap:89 - -Dio.netty.threadLocalMap.stringBuilder.maxSize: 4096
2022-08-15 07:50:39 DEBUG JdkSslContext:83 - Default protocols (JDK): [TLSv1.3, TLSv1.2] 
2022-08-15 07:50:39 DEBUG JdkSslContext:84 - Default cipher suites (JDK): [TLS_ECDHE_ECDSA_WITH_AES_256_GCM_SHA384, TLS_ECDHE_ECDSA_WITH_AES_128_GCM_SHA256, TLS_ECDHE_RSA_WITH_AES_128_GCM_SHA256, TLS_ECDHE_RSA_WITH_AES_256_GCM_SHA384, TLS_ECDHE_RSA_WITH_AES_128_CBC_SHA, TLS_ECDHE_RSA_WITH_AES_256_CBC_SHA, TLS_RSA_WITH_AES_128_GCM_SHA256, TLS_RSA_WITH_AES_128_CBC_SHA, TLS_RSA_WITH_AES_256_CBC_SHA, TLS_AES_128_GCM_SHA256, TLS_AES_256_GCM_SHA384]
2022-08-15 07:50:39 DEBUG MultithreadEventLoopGroup:44 - -Dio.netty.eventLoopThreads: 24
2022-08-15 07:50:39 DEBUG NioEventLoop:109 - -Dio.netty.noKeySetOptimization: false
2022-08-15 07:50:39 DEBUG NioEventLoop:110 - -Dio.netty.selectorAutoRebuildThreshold: 512
2022-08-15 07:50:39 DEBUG PooledByteBufAllocator:157 - -Dio.netty.allocator.numHeapArenas: 24
2022-08-15 07:50:39 DEBUG PooledByteBufAllocator:158 - -Dio.netty.allocator.numDirectArenas: 24
2022-08-15 07:50:39 DEBUG PooledByteBufAllocator:160 - -Dio.netty.allocator.pageSize: 8192
2022-08-15 07:50:39 DEBUG PooledByteBufAllocator:165 - -Dio.netty.allocator.maxOrder: 9
2022-08-15 07:50:39 DEBUG PooledByteBufAllocator:169 - -Dio.netty.allocator.chunkSize: 4194304
2022-08-15 07:50:39 DEBUG PooledByteBufAllocator:170 - -Dio.netty.allocator.smallCacheSize: 256
2022-08-15 07:50:39 DEBUG PooledByteBufAllocator:171 - -Dio.netty.allocator.normalCacheSize: 64
2022-08-15 07:50:39 DEBUG PooledByteBufAllocator:172 - -Dio.netty.allocator.maxCachedBufferCapacity: 32768
2022-08-15 07:50:39 DEBUG PooledByteBufAllocator:173 - -Dio.netty.allocator.cacheTrimInterval: 8192
2022-08-15 07:50:39 DEBUG PooledByteBufAllocator:174 - -Dio.netty.allocator.cacheTrimIntervalMillis: 0
2022-08-15 07:50:39 DEBUG PooledByteBufAllocator:175 - -Dio.netty.allocator.useCacheForAllThreads: false
2022-08-15 07:50:39 DEBUG PooledByteBufAllocator:176 - -Dio.netty.allocator.maxCachedByteBuffersPerChunk: 1023
2022-08-15 07:50:39 DEBUG ByteBufUtil:87 - -Dio.netty.allocator.type: pooled
2022-08-15 07:50:39 DEBUG ByteBufUtil:96 - -Dio.netty.threadLocalDirectBufferSize: 0
2022-08-15 07:50:39 DEBUG ByteBufUtil:99 - -Dio.netty.maxThreadLocalCharBufferSize: 16384
2022-08-15 07:50:40 DEBUG DefaultChannelId:79 - -Dio.netty.processId: 4056 (auto-detected)
2022-08-15 07:50:40 DEBUG NetUtil:136 - -Djava.net.preferIPv4Stack: false
2022-08-15 07:50:40 DEBUG NetUtil:137 - -Djava.net.preferIPv6Addresses: false
2022-08-15 07:50:40 DEBUG NetUtilInitializations:129 - Loopback interface: lo (Software Loopback Interface 1, 127.0.0.1)
2022-08-15 07:50:40 DEBUG NetUtil:191 - Failed to get SOMAXCONN from sysctl and file \proc\sys\net\core\somaxconn. Default: 200
2022-08-15 07:50:40 DEBUG DefaultChannelId:101 - -Dio.netty.machineId: a8:93:4a:ff:fe:02:7d:45 (auto-detected)
2022-08-15 07:50:40 DEBUG AbstractByteBuf:63 - -Dio.netty.buffer.checkAccessible: true
2022-08-15 07:50:40 DEBUG AbstractByteBuf:64 - -Dio.netty.buffer.checkBounds: true
2022-08-15 07:50:40 DEBUG ResourceLeakDetectorFactory:196 - Loaded default ResourceLeakDetector: io.netty.util.ResourceLeakDetector@2b072f70
2022-08-15 07:50:40 DEBUG Recycler:85 - -Dio.netty.recycler.maxCapacityPerThread: 4096
2022-08-15 07:50:40 DEBUG Recycler:86 - -Dio.netty.recycler.ratio: 8
2022-08-15 07:50:40 DEBUG Recycler:87 - -Dio.netty.recycler.chunkSize: 32
2022-08-15 07:50:40 DEBUG Recycler:88 - -Dio.netty.recycler.blocking: false
2022-08-15 07:50:41 DEBUG Brotli:38 - brotli4j not in the classpath; Brotli support will be unavailable.
2022-08-15 07:50:41 DEBUG ThreadLocalRandom:214 - -Dio.netty.initialSeedUniquifier: 0x4731b7dd97330546
2022-08-15 07:50:41 INFO  TestBase:38 - create object for properties class
2022-08-15 07:50:41 INFO  TestBase:40 - read the properties file
2022-08-15 07:50:41 INFO  TestBase:43 - outside file location
2022-08-15 07:50:41 DEBUG TestBase:72 - open the application url:https://linkedin.com
2022-08-15 07:50:41 INFO  TestBase:38 - create object for properties class
2022-08-15 07:50:41 INFO  TestBase:40 - read the properties file
2022-08-15 07:50:41 INFO  TestBase:43 - outside file location
2022-08-15 07:50:43 INFO  LinkedinFeedPageTest:26 - create login page object
2022-08-15 07:50:43 DEBUG BasePageWebActions:42 - wait for the element to be clickable or not
2022-08-15 07:50:43 DEBUG BasePageWebActions:44 - click on the given element
2022-08-15 07:50:44 INFO  LinkedinFeedPageTest:48 - verify feed page title is present or not
2022-08-15 07:50:44 INFO  LinkedinHomePage:31 - fetching linkedinhomepage  title
2022-08-15 07:50:44 INFO  LinkedinFeedPageTest:36 - input uname and pwd in for signin
2022-08-15 07:50:44 INFO  TestBase:38 - create object for properties class
2022-08-15 07:50:44 INFO  TestBase:40 - read the properties file
2022-08-15 07:50:44 INFO  TestBase:43 - outside file location
2022-08-15 07:50:44 INFO  TestBase:38 - create object for properties class
2022-08-15 07:50:44 INFO  TestBase:40 - read the properties file
2022-08-15 07:50:44 INFO  TestBase:43 - outside file location
2022-08-15 07:50:44 DEBUG LinkedinHomePage:47 - perform the login action
2022-08-15 07:50:44 INFO  LinkedinHomePage:48 - clear the content 
2022-08-15 07:50:44 DEBUG BasePageWebActions:78 - wait for the element to be clickable or not
2022-08-15 07:50:44 DEBUG BasePageWebActions:80 - clear the content in given editbox element
2022-08-15 07:50:44 DEBUG BasePageWebActions:78 - wait for the element to be clickable or not
2022-08-15 07:50:44 DEBUG BasePageWebActions:80 - clear the content in given editbox element
2022-08-15 07:50:45 DEBUG BasePageWebActions:42 - wait for the element to be clickable or not
2022-08-15 07:50:45 DEBUG BasePageWebActions:44 - click on the given element
2022-08-15 07:50:46 INFO  LinkedinFeedPageTest:38 - login successful
2022-08-15 07:50:46 INFO  LinkedinFeedPageTest:42 - verify profile railcard is present or not
2022-08-15 07:50:46 INFO  LinkedinHomePage:35 - checking the profile railcard availability
2022-08-15 07:50:56 INFO  LinkedinFeedPageTest:55 - verifying all amethods then press on logout button
2022-08-15 07:50:56 INFO  LinkedinHomePage:40 - click on profile me 
2022-08-15 07:50:56 DEBUG BasePageWebActions:42 - wait for the element to be clickable or not
